Start testing: Jan 17 21:29 UTC
----------------------------------------------------------
1/2 Testing: RiskService returns correct result
1/2 Test: RiskService returns correct result
Command: "/home/vboxuser/Documents/finProject/build/tests/risk_service_tests" "RiskService returns correct result"
Directory: /home/vboxuser/Documents/finProject/build/tests
"RiskService returns correct result" start time: Jan 17 21:29 UTC
Output:
----------------------------------------------------------
Filters: "RiskService returns correct result"
Randomness seeded to: 2662647408

~~~~~~~~~~~~~~~~~~~~~~~~~~~~~~~~~~~~~~~~~~~~~~~~~~~~~~~~~~~~~~~~~~~~~~~~~~~~~~~
risk_service_tests is a Catch2 v3.5.0 host application.
Run with -? for options

-------------------------------------------------------------------------------
RiskService returns correct result
-------------------------------------------------------------------------------
/home/vboxuser/Documents/finProject/tests/RiskServiceTest.cpp:21
...............................................................................

/home/vboxuser/Documents/finProject/tests/RiskServiceTest.cpp:29: FAILED:
  REQUIRE( result.riskValue == 123.45 )
with expansion:
  38.3 == 123.45

===============================================================================
test cases: 1 | 1 failed
assertions: 3 | 2 passed | 1 failed

<end of output>
Test time =   0.00 sec
----------------------------------------------------------
Test Failed.
"RiskService returns correct result" end time: Jan 17 21:29 UTC
"RiskService returns correct result" time elapsed: 00:00:00
----------------------------------------------------------

2/2 Testing: SummitAdapter handles SDK success and failure
2/2 Test: SummitAdapter handles SDK success and failure
Command: "/home/vboxuser/Documents/finProject/build/tests/risk_service_tests" "SummitAdapter handles SDK success and failure"
Directory: /home/vboxuser/Documents/finProject/build/tests
"SummitAdapter handles SDK success and failure" start time: Jan 17 21:29 UTC
Output:
----------------------------------------------------------
Filters: "SummitAdapter handles SDK success and failure"
Randomness seeded to: 1013297218
===============================================================================
All tests passed (2 assertions in 1 test case)

<end of output>
Test time =   0.00 sec
----------------------------------------------------------
Test Passed.
"SummitAdapter handles SDK success and failure" end time: Jan 17 21:29 UTC
"SummitAdapter handles SDK success and failure" time elapsed: 00:00:00
----------------------------------------------------------

End testing: Jan 17 21:29 UTC
