<?xml version="1.0" encoding="UTF-8"?>
<Site BuildName="(empty)"
	BuildStamp="20260117-2118-Experimental"
	Name="(empty)"
	Generator="ctest-3.28.3"
	CompilerName=""
	CompilerVersion=""
	OSName="Linux"
	Hostname="Ubuntu"
	OSRelease="6.14.0-36-generic"
	OSVersion="#36~24.04.1-Ubuntu SMP PREEMPT_DYNAMIC Wed Oct 15 15:45:17 UTC 2"
	OSPlatform="x86_64"
	Is64Bits="1"
	VendorString="AuthenticAMD"
	VendorID="Advanced Micro Devices"
	FamilyID="25"
	ModelID="33"
	ProcessorCacheSize="512"
	NumberOfLogicalCPU="7"
	NumberOfPhysicalCPU="7"
	TotalVirtualMemory="0"
	TotalPhysicalMemory="15992"
	LogicalProcessorsPerPhysical="1"
	ProcessorClockFrequency="3393.62"
	>
	<Testing>
		<StartDateTime>Jan 17 21:18 UTC</StartDateTime>
		<StartTestTime>1768684686</StartTestTime>
		<TestList/>
		<EndDateTime>Jan 17 21:18 UTC</EndDateTime>
		<EndTestTime>1768684686</EndTestTime>
		<ElapsedMinutes>0</ElapsedMinutes>
	</Testing>
</Site>
